<?xml version="1.0" encoding="UTF-8"?>
<!-- Generated by org.testng.reporters.JUnitReportReporter -->
<testsuite name="com.jamcracker.testcases.marketplace.TC004StoreBranding" tests="1" time="89.473" ignored="0" failures="0" timestamp="08 Sep 2017 11:10:01 GMT" skipped="0" hostname="PKUMAR" errors="0">
  <testcase name="storeBranding" time="89.473" classname="com.jamcracker.testcases.marketplace.TC004StoreBranding"/>
</testsuite> <!-- com.jamcracker.testcases.marketplace.TC004StoreBranding -->
