<?xml version="1.0" encoding="UTF-8"?>
<!-- Generated by org.testng.reporters.JUnitReportReporter -->
<testsuite name="com.jamcracker.testcases.customeManagement.TestOrderMore" tests="2" time="182.718" ignored="0" failures="0" timestamp="07 Aug 2017 05:40:34 GMT" skipped="0" hostname="tsrajesh" errors="0">
  <testcase name="testOrderMore" time="86.183" classname="com.jamcracker.testcases.customeManagement.TestOrderMore"/>
  <testcase name="testOrderMore" time="96.535" classname="com.jamcracker.testcases.customeManagement.TestOrderMore"/>
</testsuite> <!-- com.jamcracker.testcases.customeManagement.TestOrderMore -->
