<?xml version="1.0" encoding="UTF-8"?>
<!-- Generated by org.testng.reporters.JUnitReportReporter -->
<testsuite name="com.jamcracker.testcases.marketplace.TC006StoreAdminSetPassword" tests="1" time="24.831" ignored="0" failures="0" timestamp="08 Sep 2017 07:05:08 GMT" skipped="0" hostname="PKUMAR" errors="0">
  <testcase name="storeAdminSetPassword" time="24.831" classname="com.jamcracker.testcases.marketplace.TC006StoreAdminSetPassword"/>
</testsuite> <!-- com.jamcracker.testcases.marketplace.TC006StoreAdminSetPassword -->
