<?xml version="1.0" encoding="UTF-8"?>
<!-- Generated by org.testng.reporters.JUnitReportReporter -->
<testsuite name="com.jamcracker.testcases.marketplace.TC003StoreCreation" tests="1" time="44.590" ignored="0" failures="0" timestamp="08 Sep 2017 09:24:04 GMT" skipped="0" hostname="PKUMAR" errors="0">
  <testcase name="testStoreCreation" time="44.590" classname="com.jamcracker.testcases.marketplace.TC003StoreCreation"/>
</testsuite> <!-- com.jamcracker.testcases.marketplace.TC003StoreCreation -->
