<?xml version="1.0" encoding="UTF-8"?>
<!-- Generated by org.testng.reporters.JUnitReportReporter -->
<testsuite name="com.jamcracker.testcases.customeManagement.TC002IAASStartServer" tests="1" time="245.990" ignored="0" failures="0" timestamp="07 Sep 2017 12:19:45 GMT" skipped="0" hostname="PKUMAR" errors="0">
  <testcase name="stopServer" time="245.990" classname="com.jamcracker.testcases.customeManagement.TC002IAASStartServer"/>
</testsuite> <!-- com.jamcracker.testcases.customeManagement.TC002IAASStartServer -->
