<?xml version="1.0" encoding="UTF-8"?>
<!-- Generated by org.testng.reporters.JUnitReportReporter -->
<testsuite name="com.jamcracker.testcases.customeManagement.TestOrderNew" tests="5" time="630.248" ignored="0" failures="0" timestamp="10 Aug 2017 10:31:56 GMT" skipped="0" hostname="tsrajesh" errors="0">
  <testcase name="testOrderNew" time="130.503" classname="com.jamcracker.testcases.customeManagement.TestOrderNew"/>
  <testcase name="testOrderNew" time="144.304" classname="com.jamcracker.testcases.customeManagement.TestOrderNew"/>
  <testcase name="testOrderNew" time="103.802" classname="com.jamcracker.testcases.customeManagement.TestOrderNew"/>
  <testcase name="testOrderNew" time="125.612" classname="com.jamcracker.testcases.customeManagement.TestOrderNew"/>
  <testcase name="testOrderNew" time="126.027" classname="com.jamcracker.testcases.customeManagement.TestOrderNew"/>
</testsuite> <!-- com.jamcracker.testcases.customeManagement.TestOrderNew -->
