<?xml version="1.0" encoding="UTF-8"?>
<!-- Generated by org.testng.reporters.JUnitReportReporter -->
<testsuite name="com.jamcracker.testcases.marketplace.TC001CreateMarketplace" tests="1" time="65.802" ignored="0" failures="0" timestamp="08 Sep 2017 06:58:29 GMT" skipped="0" hostname="PKUMAR" errors="0">
  <testcase name="testCreateMarketplace" time="65.802" classname="com.jamcracker.testcases.marketplace.TC001CreateMarketplace"/>
</testsuite> <!-- com.jamcracker.testcases.marketplace.TC001CreateMarketplace -->
