<?xml version="1.0" encoding="UTF-8"?>
<!-- Generated by org.testng.reporters.JUnitReportReporter -->
<testsuite name="com.jamcracker.testcases.customeManagement.TC006ImageCreation" tests="1" time="154.606" ignored="0" failures="0" timestamp="26 Sep 2017 06:59:30 GMT" skipped="0" hostname="PKUMAR" errors="0">
  <testcase name="imageCreation" time="154.606" classname="com.jamcracker.testcases.customeManagement.TC006ImageCreation"/>
</testsuite> <!-- com.jamcracker.testcases.customeManagement.TC006ImageCreation -->
