<?xml version="1.0" encoding="UTF-8"?>
<!-- Generated by org.testng.reporters.JUnitReportReporter -->
<testsuite name="com.jamcracker.testcases.marketplace.CreateMarketplace" tests="1" time="7.655" ignored="0" failures="0" timestamp="17 Jul 2017 14:10:05 GMT" skipped="0" hostname="PKUMAR" errors="0">
  <testcase name="testCreateMarketplace" time="7.655" classname="com.jamcracker.testcases.marketplace.CreateMarketplace"/>
</testsuite> <!-- com.jamcracker.testcases.marketplace.CreateMarketplace -->
