<?xml version="1.0" encoding="UTF-8"?>
<!-- Generated by org.testng.reporters.JUnitReportReporter -->
<testsuite name="com.jamcracker.testcases.customeManagement.TestOrderPlace" tests="3" time="315.558" ignored="0" failures="0" timestamp="04 Aug 2017 05:30:22 GMT" skipped="0" hostname="tsrajesh" errors="0">
  <testcase name="testOrderNew" time="100.780" classname="com.jamcracker.testcases.customeManagement.TestOrderPlace"/>
  <testcase name="testOrderNew" time="74.283" classname="com.jamcracker.testcases.customeManagement.TestOrderPlace"/>
  <testcase name="testOrderNew" time="140.495" classname="com.jamcracker.testcases.customeManagement.TestOrderPlace"/>
</testsuite> <!-- com.jamcracker.testcases.customeManagement.TestOrderPlace -->
