<?xml version="1.0" encoding="UTF-8"?>
<!-- Generated by org.testng.reporters.JUnitReportReporter -->
<testsuite name="com.jamcracker.testcases.customeManagement.TC002SetPassword" tests="1" time="48.100" ignored="0" failures="0" timestamp="05 Oct 2017 09:25:51 GMT" skipped="0" hostname="tsrajesh" errors="0">
  <testcase name="testSetpassword" time="48.100" classname="com.jamcracker.testcases.customeManagement.TC002SetPassword"/>
</testsuite> <!-- com.jamcracker.testcases.customeManagement.TC002SetPassword -->
