<?xml version="1.0" encoding="UTF-8"?>
<!-- Generated by org.testng.reporters.JUnitReportReporter -->
<testsuite name="com.jamcracker.testcases.marketplace.TC001CreateMarketplace" tests="1" time="100.115" ignored="0" failures="0" timestamp="10 Oct 2017 10:33:50 GMT" skipped="0" hostname="tsrajesh" errors="0">
  <testcase name="testCreateMarketplace" time="100.115" classname="com.jamcracker.testcases.marketplace.TC001CreateMarketplace"/>
</testsuite> <!-- com.jamcracker.testcases.marketplace.TC001CreateMarketplace -->
