<?xml version="1.0" encoding="UTF-8"?>
<!-- Generated by org.testng.reporters.JUnitReportReporter -->
<testsuite name="com.jamcracker.testcases.customeManagement.TestSetPassword" tests="6" time="242.297" ignored="0" failures="0" timestamp="10 Aug 2017 10:18:55 GMT" skipped="0" hostname="tsrajesh" errors="0">
  <testcase name="testSetpassword" time="31.853" classname="com.jamcracker.testcases.customeManagement.TestSetPassword"/>
  <testcase name="testSetpassword" time="33.160" classname="com.jamcracker.testcases.customeManagement.TestSetPassword"/>
  <testcase name="testSetpassword" time="50.332" classname="com.jamcracker.testcases.customeManagement.TestSetPassword"/>
  <testcase name="testSetpassword" time="43.239" classname="com.jamcracker.testcases.customeManagement.TestSetPassword"/>
  <testcase name="testSetpassword" time="45.854" classname="com.jamcracker.testcases.customeManagement.TestSetPassword"/>
  <testcase name="testSetpassword" time="37.859" classname="com.jamcracker.testcases.customeManagement.TestSetPassword"/>
</testsuite> <!-- com.jamcracker.testcases.customeManagement.TestSetPassword -->
