<?xml version="1.0" encoding="UTF-8"?>
<!-- Generated by org.testng.reporters.JUnitReportReporter -->
<testsuite name="com.jamcracker.testcases.customeManagement.TC003IAASAction" tests="4" time="50.012" ignored="0" failures="0" timestamp="15 Sep 2017 10:31:21 GMT" skipped="0" hostname="PKUMAR" errors="0">
  <testcase name="iaasAction" time="49.953" classname="com.jamcracker.testcases.customeManagement.TC003IAASAction"/>
  <testcase name="iaasAction" time="0.005" classname="com.jamcracker.testcases.customeManagement.TC003IAASAction"/>
  <testcase name="iaasAction" time="0.042" classname="com.jamcracker.testcases.customeManagement.TC003IAASAction"/>
  <testcase name="iaasAction" time="0.012" classname="com.jamcracker.testcases.customeManagement.TC003IAASAction"/>
</testsuite> <!-- com.jamcracker.testcases.customeManagement.TC003IAASAction -->
