<?xml version="1.0" encoding="UTF-8"?>
<!-- Generated by org.testng.reporters.JUnitReportReporter -->
<testsuite name="com.jamcracker.testcases.marketplace.TestAppStackCreation" tests="1" time="99.895" ignored="0" failures="0" timestamp="19 Jul 2017 05:57:37 GMT" skipped="0" hostname="tsrajesh" errors="0">
  <testcase name="testAppStackCreation" time="99.895" classname="com.jamcracker.testcases.marketplace.TestAppStackCreation"/>
</testsuite> <!-- com.jamcracker.testcases.marketplace.TestAppStackCreation -->
