<?xml version="1.0" encoding="UTF-8"?>
<!-- Generated by org.testng.reporters.JUnitReportReporter -->
<testsuite name="com.jamcracker.testcases.marketplace.TC005ServiceCreation" tests="1" time="117.688" ignored="0" failures="0" timestamp="10 Oct 2017 11:09:15 GMT" skipped="0" hostname="tsrajesh" errors="0">
  <testcase name="servicCreation" time="117.688" classname="com.jamcracker.testcases.marketplace.TC005ServiceCreation"/>
</testsuite> <!-- com.jamcracker.testcases.marketplace.TC005ServiceCreation -->
