<?xml version="1.0" encoding="UTF-8"?>
<!-- Generated by org.testng.reporters.JUnitReportReporter -->
<testsuite name="com.jamcracker.testcases.marketplace.TC007ResellService" tests="1" time="170.778" ignored="0" failures="0" timestamp="10 Oct 2017 11:16:01 GMT" skipped="0" hostname="tsrajesh" errors="0">
  <testcase name="tc007resellService" time="170.778" classname="com.jamcracker.testcases.marketplace.TC007ResellService"/>
</testsuite> <!-- com.jamcracker.testcases.marketplace.TC007ResellService -->
