<?xml version="1.0" encoding="UTF-8"?>
<!-- Generated by org.testng.reporters.JUnitReportReporter -->
<testsuite name="com.jamcracker.testcases.customeManagement.TC002IAASStopServer" tests="1" time="186.793" ignored="0" failures="0" timestamp="07 Sep 2017 13:07:28 GMT" skipped="0" hostname="PKUMAR" errors="0">
  <testcase name="stopServer" time="186.793" classname="com.jamcracker.testcases.customeManagement.TC002IAASStopServer"/>
</testsuite> <!-- com.jamcracker.testcases.customeManagement.TC002IAASStopServer -->
