<?xml version="1.0" encoding="UTF-8"?>
<!-- Generated by org.testng.reporters.JUnitReportReporter -->
<testsuite name="com.jamcracker.testcases.customeManagement.TC007VolumeAction" tests="5" time="230.936" ignored="0" failures="0" timestamp="29 Sep 2017 10:32:02 GMT" skipped="0" hostname="PKUMAR" errors="0">
  <testcase name="volumeAction" time="0.004" classname="com.jamcracker.testcases.customeManagement.TC007VolumeAction"/>
  <testcase name="volumeAction" time="0.011" classname="com.jamcracker.testcases.customeManagement.TC007VolumeAction"/>
  <testcase name="volumeAction" time="0.004" classname="com.jamcracker.testcases.customeManagement.TC007VolumeAction"/>
  <testcase name="volumeAction" time="119.250" classname="com.jamcracker.testcases.customeManagement.TC007VolumeAction"/>
  <testcase name="volumeAction" time="111.667" classname="com.jamcracker.testcases.customeManagement.TC007VolumeAction"/>
</testsuite> <!-- com.jamcracker.testcases.customeManagement.TC007VolumeAction -->
