<?xml version="1.0" encoding="UTF-8"?>
<!-- Generated by org.testng.reporters.JUnitReportReporter -->
<testsuite name="com.jamcracker.testcases.marketplace.TC006StoreAdminSetPassword" tests="1" time="31.943" ignored="0" failures="0" timestamp="10 Oct 2017 11:04:57 GMT" skipped="0" hostname="tsrajesh" errors="0">
  <testcase name="storeAdminSetPassword" time="31.943" classname="com.jamcracker.testcases.marketplace.TC006StoreAdminSetPassword"/>
</testsuite> <!-- com.jamcracker.testcases.marketplace.TC006StoreAdminSetPassword -->
