<?xml version="1.0" encoding="UTF-8"?>
<!-- Generated by org.testng.reporters.JUnitReportReporter -->
<testsuite name="com.jamcracker.testcases.marketplace.TC007ResellService" tests="1" time="52.305" ignored="0" failures="0" timestamp="08 Sep 2017 13:12:34 GMT" skipped="0" hostname="PKUMAR" errors="0">
  <testcase name="tc007resellService" time="52.305" classname="com.jamcracker.testcases.marketplace.TC007ResellService"/>
</testsuite> <!-- com.jamcracker.testcases.marketplace.TC007ResellService -->
