<?xml version="1.0" encoding="UTF-8"?>
<!-- Generated by org.testng.reporters.JUnitReportReporter -->
<testsuite name="com.jamcracker.testcases.marketplace.TC004StoreBranding" tests="1" time="64.046" ignored="0" failures="0" timestamp="10 Oct 2017 11:03:11 GMT" skipped="0" hostname="tsrajesh" errors="0">
  <testcase name="storeBranding" time="64.046" classname="com.jamcracker.testcases.marketplace.TC004StoreBranding"/>
</testsuite> <!-- com.jamcracker.testcases.marketplace.TC004StoreBranding -->
