<?xml version="1.0" encoding="UTF-8"?>
<!-- Generated by org.testng.reporters.JUnitReportReporter -->
<testsuite name="com.jamcracker.testcases.customeManagement.TC005ResizeInstance" tests="1" time="159.538" ignored="0" failures="0" timestamp="26 Sep 2017 12:03:46 GMT" skipped="0" hostname="PKUMAR" errors="0">
  <testcase name="resizeInstance" time="159.538" classname="com.jamcracker.testcases.customeManagement.TC005ResizeInstance"/>
</testsuite> <!-- com.jamcracker.testcases.customeManagement.TC005ResizeInstance -->
