<?xml version="1.0" encoding="UTF-8"?>
<!-- Generated by org.testng.reporters.JUnitReportReporter -->
<testsuite name="com.jamcracker.testcases.customeManagement.TestOrderLess" tests="1" time="222.233" ignored="0" failures="0" timestamp="10 Aug 2017 09:22:13 GMT" skipped="0" hostname="tsrajesh" errors="0">
  <testcase name="testOrderLess" time="222.233" classname="com.jamcracker.testcases.customeManagement.TestOrderLess"/>
</testsuite> <!-- com.jamcracker.testcases.customeManagement.TestOrderLess -->
