<?xml version="1.0" encoding="UTF-8"?>
<!-- Generated by org.testng.reporters.JUnitReportReporter -->
<testsuite name="com.jamcracker.testcases.marketplace.TC003StoreCreation" tests="1" time="33.095" ignored="0" failures="0" timestamp="10 Oct 2017 10:47:55 GMT" skipped="0" hostname="tsrajesh" errors="0">
  <testcase name="testStoreCreation" time="33.095" classname="com.jamcracker.testcases.marketplace.TC003StoreCreation"/>
</testsuite> <!-- com.jamcracker.testcases.marketplace.TC003StoreCreation -->
