<?xml version="1.0" encoding="UTF-8"?>
<!-- Generated by org.testng.reporters.JUnitReportReporter -->
<testsuite name="com.jamcracker.testcases.marketplace.TC002SetPassword" tests="1" time="24.651" ignored="0" failures="0" timestamp="08 Sep 2017 07:05:08 GMT" skipped="0" hostname="PKUMAR" errors="0">
  <testcase name="setPassword" time="24.651" classname="com.jamcracker.testcases.marketplace.TC002SetPassword"/>
</testsuite> <!-- com.jamcracker.testcases.marketplace.TC002SetPassword -->
