<?xml version="1.0" encoding="UTF-8"?>
<!-- Generated by org.testng.reporters.JUnitReportReporter -->
<testsuite name="com.jamcracker.testcases.customeManagement.TC007AttachVolume" tests="1" time="42.998" ignored="0" failures="0" timestamp="27 Sep 2017 14:06:43 GMT" skipped="0" hostname="PKUMAR" errors="0">
  <testcase name="attachVolume" time="42.998" classname="com.jamcracker.testcases.customeManagement.TC007AttachVolume"/>
</testsuite> <!-- com.jamcracker.testcases.customeManagement.TC007AttachVolume -->
