<?xml version="1.0" encoding="UTF-8"?>
<!-- Generated by org.testng.reporters.JUnitReportReporter -->
<testsuite name="com.jamcracker.testcases.customeManagement.TC004OrderMore" tests="1" time="74.208" ignored="0" failures="0" timestamp="05 Oct 2017 11:02:55 GMT" skipped="0" hostname="tsrajesh" errors="0">
  <testcase name="testOrderMore" time="74.208" classname="com.jamcracker.testcases.customeManagement.TC004OrderMore"/>
</testsuite> <!-- com.jamcracker.testcases.customeManagement.TC004OrderMore -->
